# JRE version: Java(TM) SE Runtime Environment (22.0+36) (build 22+36-2370)
# Java VM: Java HotSpot(TM) 64-Bit Server VM (22+36-2370, mixed mode, sharing, tiered, compressed oops, compressed class ptrs, g1 gc, windows-amd64)
GC Precious Log:
 CardTable entry size: 512
 Card Set container configuration: InlinePtr #cards 4 size 8 Array Of Cards #cards 16 size 48 Howl #buckets 8 coarsen threshold 3686 Howl Bitmap #cards 512 size 80 coarsen threshold 460 Card regions per heap region 1 cards per card region 4096
 CPUs: 12 total, 12 available
 Memory: 16159M
 Large Page Support: Disabled
 NUMA Support: Disabled
 Compressed Oops: Enabled (Zero based)
 Heap Region Size: 2M
 Heap Min Capacity: 8M
 Heap Initial Capacity: 254M
 Heap Max Capacity: 4040M
 Pre-touch: Disabled
 Parallel Workers: 10
 Concurrent Workers: 3
 Concurrent Refinement Workers: 10
 Periodic GC: Disabled
Heap:
 garbage-first heap   total reserved 4136960K, committed 155648K, used 82826K [0x0000000703800000, 0x0000000800000000)
  region size 2048K, 34 young (69632K), 2 survivors (4096K)
 Metaspace       used 58766K, committed 59392K, reserved 1114112K
  class space    used 8070K, committed 8320K, reserved 1048576K
GC Heap History (16 events):
Event: 0.537 GC heap before
{Heap before GC invocations=0 (full 0):
 garbage-first heap   total reserved 4136960K, committed 260096K, used 22528K [0x0000000703800000, 0x0000000800000000)
  region size 2048K, 12 young (24576K), 0 survivors (0K)
 Metaspace       used 6394K, committed 6656K, reserved 1114112K
  class space    used 771K, committed 896K, reserved 1048576K
}
Event: 0.541 GC heap after
{Heap after GC invocations=1 (full 0):
 garbage-first heap   total reserved 4136960K, committed 260096K, used 6797K [0x0000000703800000, 0x0000000800000000)
  region size 2048K, 2 young (4096K), 2 survivors (4096K)
 Metaspace       used 6394K, committed 6656K, reserved 1114112K
  class space    used 771K, committed 896K, reserved 1048576K
}
Event: 0.915 GC heap before
{Heap before GC invocations=1 (full 0):
 garbage-first heap   total reserved 4136960K, committed 260096K, used 39565K [0x0000000703800000, 0x0000000800000000)
  region size 2048K, 18 young (36864K), 2 survivors (4096K)
 Metaspace       used 16047K, committed 16320K, reserved 1114112K
  class space    used 1959K, committed 2112K, reserved 1048576K
}
Event: 0.919 GC heap after
{Heap after GC invocations=2 (full 0):
 garbage-first heap   total reserved 4136960K, committed 260096K, used 9342K [0x0000000703800000, 0x0000000800000000)
  region size 2048K, 2 young (4096K), 2 survivors (4096K)
 Metaspace       used 16047K, committed 16320K, reserved 1114112K
  class space    used 1959K, committed 2112K, reserved 1048576K
}
Event: 1.411 GC heap before
{Heap before GC invocations=2 (full 0):
 garbage-first heap   total reserved 4136960K, committed 260096K, used 42110K [0x0000000703800000, 0x0000000800000000)
  region size 2048K, 19 young (38912K), 2 survivors (4096K)
 Metaspace       used 21199K, committed 21504K, reserved 1114112K
  class space    used 2584K, committed 2752K, reserved 1048576K
}
Event: 1.415 GC heap after
{Heap after GC invocations=3 (full 0):
 garbage-first heap   total reserved 4136960K, committed 260096K, used 12634K [0x0000000703800000, 0x0000000800000000)
  region size 2048K, 3 young (6144K), 3 survivors (6144K)
 Metaspace       used 21199K, committed 21504K, reserved 1114112K
  class space    used 2584K, committed 2752K, reserved 1048576K
}
Event: 1.865 GC heap before
{Heap before GC invocations=4 (full 0):
 garbage-first heap   total reserved 4136960K, committed 49152K, used 35162K [0x0000000703800000, 0x0000000800000000)
  region size 2048K, 14 young (28672K), 3 survivors (6144K)
 Metaspace       used 25103K, committed 25536K, reserved 1114112K
  class space    used 3176K, committed 3328K, reserved 1048576K
}
Event: 1.871 GC heap after
{Heap after GC invocations=5 (full 0):
 garbage-first heap   total reserved 4136960K, committed 49152K, used 15376K [0x0000000703800000, 0x0000000800000000)
  region size 2048K, 2 young (4096K), 2 survivors (4096K)
 Metaspace       used 25103K, committed 25536K, reserved 1114112K
  class space    used 3176K, committed 3328K, reserved 1048576K
}
Event: 2.280 GC heap before
{Heap before GC invocations=5 (full 0):
 garbage-first heap   total reserved 4136960K, committed 49152K, used 35856K [0x0000000703800000, 0x0000000800000000)
  region size 2048K, 12 young (24576K), 2 survivors (4096K)
 Metaspace       used 29314K, committed 29824K, reserved 1114112K
  class space    used 3746K, committed 3968K, reserved 1048576K
}
Event: 2.283 GC heap after
{Heap after GC invocations=6 (full 0):
 garbage-first heap   total reserved 4136960K, committed 49152K, used 16883K [0x0000000703800000, 0x0000000800000000)
  region size 2048K, 2 young (4096K), 2 survivors (4096K)
 Metaspace       used 29314K, committed 29824K, reserved 1114112K
  class space    used 3746K, committed 3968K, reserved 1048576K
}
Event: 2.605 GC heap before
{Heap before GC invocations=6 (full 0):
 garbage-first heap   total reserved 4136960K, committed 49152K, used 37363K [0x0000000703800000, 0x0000000800000000)
  region size 2048K, 12 young (24576K), 2 survivors (4096K)
 Metaspace       used 35304K, committed 35840K, reserved 1114112K
  class space    used 4430K, committed 4672K, reserved 1048576K
}
Event: 2.608 GC heap after
{Heap after GC invocations=7 (full 0):
 garbage-first heap   total reserved 4136960K, committed 49152K, used 18116K [0x0000000703800000, 0x0000000800000000)
  region size 2048K, 2 young (4096K), 2 survivors (4096K)
 Metaspace       used 35304K, committed 35840K, reserved 1114112K
  class space    used 4430K, committed 4672K, reserved 1048576K
}
Event: 2.618 GC heap before
{Heap before GC invocations=7 (full 0):
 garbage-first heap   total reserved 4136960K, committed 49152K, used 18116K [0x0000000703800000, 0x0000000800000000)
  region size 2048K, 3 young (6144K), 2 survivors (4096K)
 Metaspace       used 35431K, committed 35968K, reserved 1114112K
  class space    used 4452K, committed 4736K, reserved 1048576K
}
Event: 2.620 GC heap after
{Heap after GC invocations=8 (full 0):
 garbage-first heap   total reserved 4136960K, committed 49152K, used 18346K [0x0000000703800000, 0x0000000800000000)
  region size 2048K, 1 young (2048K), 1 survivors (2048K)
 Metaspace       used 35431K, committed 35968K, reserved 1114112K
  class space    used 4452K, committed 4736K, reserved 1048576K
}
Event: 2.981 GC heap before
{Heap before GC invocations=9 (full 0):
 garbage-first heap   total reserved 4136960K, committed 49152K, used 38826K [0x0000000703800000, 0x0000000800000000)
  region size 2048K, 11 young (22528K), 1 survivors (2048K)
 Metaspace       used 40679K, committed 41280K, reserved 1114112K
  class space    used 5348K, committed 5632K, reserved 1048576K
}
Event: 2.983 GC heap after
{Heap after GC invocations=10 (full 0):
 garbage-first heap   total reserved 4136960K, committed 155648K, used 19338K [0x0000000703800000, 0x0000000800000000)
  region size 2048K, 2 young (4096K), 2 survivors (4096K)
 Metaspace       used 40679K, committed 41280K, reserved 1114112K
  class space    used 5348K, committed 5632K, reserved 1048576K
}

