# JRE version: OpenJDK Runtime Environment Temurin-17.0.11+9 (17.0.11+9) (build 17.0.11+9)
# Java VM: OpenJDK 64-Bit Server VM Temurin-17.0.11+9 (17.0.11+9, mixed mode, tiered, compressed oops, compressed class ptrs, parallel gc, windows-amd64)
GC Precious Log:
 CPUs: 12 total, 12 available
 Memory: 16159M
 Large Page Support: Disabled
 NUMA Support: Disabled
 Compressed Oops: Enabled (32-bit)
 Alignments: Space 512K, Generation 512K, Heap 2M
 Heap Min Capacity: 100M
 Heap Initial Capacity: 100M
 Heap Max Capacity: 1G
 Pre-touch: Disabled
 Parallel Workers: 10
Heap:
 PSYoungGen      total 4608K, used 3134K [0x00000000eab00000, 0x00000000eb180000, 0x0000000100000000)
  eden space 3584K, 59% used [0x00000000eab00000,0x00000000ead15218,0x00000000eae80000)
  from space 1024K, 97% used [0x00000000eae80000,0x00000000eaf7a910,0x00000000eaf80000)
  to   space 1536K, 0% used [0x00000000eb000000,0x00000000eb000000,0x00000000eb180000)
 ParOldGen       total 179712K, used 121725K [0x00000000c0000000, 0x00000000caf80000, 0x00000000eab00000)
  object space 179712K, 67% used [0x00000000c0000000,0x00000000c76df738,0x00000000caf80000)
 Metaspace       used 94882K, committed 96192K, reserved 1179648K
  class space    used 10021K, committed 10560K, reserved 1048576K
GC Heap History (20 events):
Event: 1705.252 GC heap before
{Heap before GC invocations=1185 (full 30):
 PSYoungGen      total 2560K, used 2528K [0x00000000eab00000, 0x00000000eb080000, 0x0000000100000000)
  eden space 2048K, 100% used [0x00000000eab00000,0x00000000ead00000,0x00000000ead00000)
  from space 512K, 93% used [0x00000000eaf80000,0x00000000eaff8020,0x00000000eb000000)
  to   space 512K, 0% used [0x00000000eb000000,0x00000000eb000000,0x00000000eb080000)
 ParOldGen       total 179712K, used 115016K [0x00000000c0000000, 0x00000000caf80000, 0x00000000eab00000)
  object space 179712K, 64% used [0x00000000c0000000,0x00000000c7052238,0x00000000caf80000)
 Metaspace       used 94847K, committed 96128K, reserved 1179648K
  class space    used 10021K, committed 10560K, reserved 1048576K
}
Event: 1705.252 GC heap after
{Heap after GC invocations=1185 (full 30):
 PSYoungGen      total 2560K, used 320K [0x00000000eab00000, 0x00000000eb080000, 0x0000000100000000)
  eden space 2048K, 0% used [0x00000000eab00000,0x00000000eab00000,0x00000000ead00000)
  from space 512K, 62% used [0x00000000eb000000,0x00000000eb050000,0x00000000eb080000)
  to   space 512K, 0% used [0x00000000eaf80000,0x00000000eaf80000,0x00000000eb000000)
 ParOldGen       total 179712K, used 115024K [0x00000000c0000000, 0x00000000caf80000, 0x00000000eab00000)
  object space 179712K, 64% used [0x00000000c0000000,0x00000000c7054238,0x00000000caf80000)
 Metaspace       used 94847K, committed 96128K, reserved 1179648K
  class space    used 10021K, committed 10560K, reserved 1048576K
}
Event: 1705.265 GC heap before
{Heap before GC invocations=1186 (full 30):
 PSYoungGen      total 2560K, used 2368K [0x00000000eab00000, 0x00000000eb080000, 0x0000000100000000)
  eden space 2048K, 100% used [0x00000000eab00000,0x00000000ead00000,0x00000000ead00000)
  from space 512K, 62% used [0x00000000eb000000,0x00000000eb050000,0x00000000eb080000)
  to   space 512K, 0% used [0x00000000eaf80000,0x00000000eaf80000,0x00000000eb000000)
 ParOldGen       total 179712K, used 115024K [0x00000000c0000000, 0x00000000caf80000, 0x00000000eab00000)
  object space 179712K, 64% used [0x00000000c0000000,0x00000000c7054238,0x00000000caf80000)
 Metaspace       used 94847K, committed 96128K, reserved 1179648K
  class space    used 10021K, committed 10560K, reserved 1048576K
}
Event: 1705.266 GC heap after
{Heap after GC invocations=1186 (full 30):
 PSYoungGen      total 2560K, used 442K [0x00000000eab00000, 0x00000000eb080000, 0x0000000100000000)
  eden space 2048K, 0% used [0x00000000eab00000,0x00000000eab00000,0x00000000ead00000)
  from space 512K, 86% used [0x00000000eaf80000,0x00000000eafee900,0x00000000eb000000)
  to   space 512K, 0% used [0x00000000eb000000,0x00000000eb000000,0x00000000eb080000)
 ParOldGen       total 179712K, used 115072K [0x00000000c0000000, 0x00000000caf80000, 0x00000000eab00000)
  object space 179712K, 64% used [0x00000000c0000000,0x00000000c7060238,0x00000000caf80000)
 Metaspace       used 94847K, committed 96128K, reserved 1179648K
  class space    used 10021K, committed 10560K, reserved 1048576K
}
Event: 1705.269 GC heap before
{Heap before GC invocations=1187 (full 30):
 PSYoungGen      total 2560K, used 2490K [0x00000000eab00000, 0x00000000eb080000, 0x0000000100000000)
  eden space 2048K, 99% used [0x00000000eab00000,0x00000000eacffff0,0x00000000ead00000)
  from space 512K, 86% used [0x00000000eaf80000,0x00000000eafee900,0x00000000eb000000)
  to   space 512K, 0% used [0x00000000eb000000,0x00000000eb000000,0x00000000eb080000)
 ParOldGen       total 179712K, used 115072K [0x00000000c0000000, 0x00000000caf80000, 0x00000000eab00000)
  object space 179712K, 64% used [0x00000000c0000000,0x00000000c7060238,0x00000000caf80000)
 Metaspace       used 94848K, committed 96128K, reserved 1179648K
  class space    used 10021K, committed 10560K, reserved 1048576K
}
Event: 1705.269 GC heap after
{Heap after GC invocations=1187 (full 30):
 PSYoungGen      total 2560K, used 488K [0x00000000eab00000, 0x00000000eb080000, 0x0000000100000000)
  eden space 2048K, 0% used [0x00000000eab00000,0x00000000eab00000,0x00000000ead00000)
  from space 512K, 95% used [0x00000000eb000000,0x00000000eb07a170,0x00000000eb080000)
  to   space 1536K, 0% used [0x00000000ead80000,0x00000000ead80000,0x00000000eaf00000)
 ParOldGen       total 179712K, used 115741K [0x00000000c0000000, 0x00000000caf80000, 0x00000000eab00000)
  object space 179712K, 64% used [0x00000000c0000000,0x00000000c71075a8,0x00000000caf80000)
 Metaspace       used 94848K, committed 96128K, reserved 1179648K
  class space    used 10021K, committed 10560K, reserved 1048576K
}
Event: 1705.270 GC heap before
{Heap before GC invocations=1188 (full 30):
 PSYoungGen      total 2560K, used 2536K [0x00000000eab00000, 0x00000000eb080000, 0x0000000100000000)
  eden space 2048K, 99% used [0x00000000eab00000,0x00000000eacfffd8,0x00000000ead00000)
  from space 512K, 95% used [0x00000000eb000000,0x00000000eb07a170,0x00000000eb080000)
  to   space 1536K, 0% used [0x00000000ead80000,0x00000000ead80000,0x00000000eaf00000)
 ParOldGen       total 179712K, used 115741K [0x00000000c0000000, 0x00000000caf80000, 0x00000000eab00000)
  object space 179712K, 64% used [0x00000000c0000000,0x00000000c71075a8,0x00000000caf80000)
 Metaspace       used 94848K, committed 96128K, reserved 1179648K
  class space    used 10021K, committed 10560K, reserved 1048576K
}
Event: 1705.271 GC heap after
{Heap after GC invocations=1188 (full 30):
 PSYoungGen      total 3584K, used 640K [0x00000000eab00000, 0x00000000eb080000, 0x0000000100000000)
  eden space 2048K, 0% used [0x00000000eab00000,0x00000000eab00000,0x00000000ead00000)
  from space 1536K, 41% used [0x00000000ead80000,0x00000000eae20000,0x00000000eaf00000)
  to   space 1024K, 0% used [0x00000000eaf80000,0x00000000eaf80000,0x00000000eb080000)
 ParOldGen       total 179712K, used 116165K [0x00000000c0000000, 0x00000000caf80000, 0x00000000eab00000)
  object space 179712K, 64% used [0x00000000c0000000,0x00000000c7171738,0x00000000caf80000)
 Metaspace       used 94848K, committed 96128K, reserved 1179648K
  class space    used 10021K, committed 10560K, reserved 1048576K
}
Event: 1705.272 GC heap before
{Heap before GC invocations=1189 (full 30):
 PSYoungGen      total 3584K, used 2687K [0x00000000eab00000, 0x00000000eb080000, 0x0000000100000000)
  eden space 2048K, 99% used [0x00000000eab00000,0x00000000eacfffb8,0x00000000ead00000)
  from space 1536K, 41% used [0x00000000ead80000,0x00000000eae20000,0x00000000eaf00000)
  to   space 1024K, 0% used [0x00000000eaf80000,0x00000000eaf80000,0x00000000eb080000)
 ParOldGen       total 179712K, used 116165K [0x00000000c0000000, 0x00000000caf80000, 0x00000000eab00000)
  object space 179712K, 64% used [0x00000000c0000000,0x00000000c7171738,0x00000000caf80000)
 Metaspace       used 94848K, committed 96128K, reserved 1179648K
  class space    used 10021K, committed 10560K, reserved 1048576K
}
Event: 1705.273 GC heap after
{Heap after GC invocations=1189 (full 30):
 PSYoungGen      total 3584K, used 864K [0x00000000eab00000, 0x00000000eb080000, 0x0000000100000000)
  eden space 2560K, 0% used [0x00000000eab00000,0x00000000eab00000,0x00000000ead80000)
  from space 1024K, 84% used [0x00000000eaf80000,0x00000000eb058000,0x00000000eb080000)
  to   space 1024K, 0% used [0x00000000eae80000,0x00000000eae80000,0x00000000eaf80000)
 ParOldGen       total 179712K, used 116701K [0x00000000c0000000, 0x00000000caf80000, 0x00000000eab00000)
  object space 179712K, 64% used [0x00000000c0000000,0x00000000c71f7738,0x00000000caf80000)
 Metaspace       used 94848K, committed 96128K, reserved 1179648K
  class space    used 10021K, committed 10560K, reserved 1048576K
}
Event: 1705.277 GC heap before
{Heap before GC invocations=1190 (full 30):
 PSYoungGen      total 3584K, used 3423K [0x00000000eab00000, 0x00000000eb080000, 0x0000000100000000)
  eden space 2560K, 99% used [0x00000000eab00000,0x00000000ead7ffd0,0x00000000ead80000)
  from space 1024K, 84% used [0x00000000eaf80000,0x00000000eb058000,0x00000000eb080000)
  to   space 1024K, 0% used [0x00000000eae80000,0x00000000eae80000,0x00000000eaf80000)
 ParOldGen       total 179712K, used 116701K [0x00000000c0000000, 0x00000000caf80000, 0x00000000eab00000)
  object space 179712K, 64% used [0x00000000c0000000,0x00000000c71f7738,0x00000000caf80000)
 Metaspace       used 94848K, committed 96128K, reserved 1179648K
  class space    used 10021K, committed 10560K, reserved 1048576K
}
Event: 1705.279 GC heap after
{Heap after GC invocations=1190 (full 30):
 PSYoungGen      total 3584K, used 1024K [0x00000000eab00000, 0x00000000eb080000, 0x0000000100000000)
  eden space 2560K, 0% used [0x00000000eab00000,0x00000000eab00000,0x00000000ead80000)
  from space 1024K, 100% used [0x00000000eae80000,0x00000000eaf80000,0x00000000eaf80000)
  to   space 1024K, 0% used [0x00000000eaf80000,0x00000000eaf80000,0x00000000eb080000)
 ParOldGen       total 179712K, used 118834K [0x00000000c0000000, 0x00000000caf80000, 0x00000000eab00000)
  object space 179712K, 66% used [0x00000000c0000000,0x00000000c740cbb8,0x00000000caf80000)
 Metaspace       used 94848K, committed 96128K, reserved 1179648K
  class space    used 10021K, committed 10560K, reserved 1048576K
}
Event: 1705.282 GC heap before
{Heap before GC invocations=1191 (full 30):
 PSYoungGen      total 3584K, used 3584K [0x00000000eab00000, 0x00000000eb080000, 0x0000000100000000)
  eden space 2560K, 100% used [0x00000000eab00000,0x00000000ead80000,0x00000000ead80000)
  from space 1024K, 100% used [0x00000000eae80000,0x00000000eaf80000,0x00000000eaf80000)
  to   space 1024K, 0% used [0x00000000eaf80000,0x00000000eaf80000,0x00000000eb080000)
 ParOldGen       total 179712K, used 118834K [0x00000000c0000000, 0x00000000caf80000, 0x00000000eab00000)
  object space 179712K, 66% used [0x00000000c0000000,0x00000000c740cbb8,0x00000000caf80000)
 Metaspace       used 94848K, committed 96128K, reserved 1179648K
  class space    used 10021K, committed 10560K, reserved 1048576K
}
Event: 1705.283 GC heap after
{Heap after GC invocations=1191 (full 30):
 PSYoungGen      total 3584K, used 1024K [0x00000000eab00000, 0x00000000eb080000, 0x0000000100000000)
  eden space 2560K, 0% used [0x00000000eab00000,0x00000000eab00000,0x00000000ead80000)
  from space 1024K, 100% used [0x00000000eaf80000,0x00000000eb080000,0x00000000eb080000)
  to   space 1024K, 0% used [0x00000000eae80000,0x00000000eae80000,0x00000000eaf80000)
 ParOldGen       total 179712K, used 119938K [0x00000000c0000000, 0x00000000caf80000, 0x00000000eab00000)
  object space 179712K, 66% used [0x00000000c0000000,0x00000000c7520bb8,0x00000000caf80000)
 Metaspace       used 94848K, committed 96128K, reserved 1179648K
  class space    used 10021K, committed 10560K, reserved 1048576K
}
Event: 1705.288 GC heap before
{Heap before GC invocations=1192 (full 30):
 PSYoungGen      total 3584K, used 3584K [0x00000000eab00000, 0x00000000eb080000, 0x0000000100000000)
  eden space 2560K, 100% used [0x00000000eab00000,0x00000000ead80000,0x00000000ead80000)
  from space 1024K, 100% used [0x00000000eaf80000,0x00000000eb080000,0x00000000eb080000)
  to   space 1024K, 0% used [0x00000000eae80000,0x00000000eae80000,0x00000000eaf80000)
 ParOldGen       total 179712K, used 119938K [0x00000000c0000000, 0x00000000caf80000, 0x00000000eab00000)
  object space 179712K, 66% used [0x00000000c0000000,0x00000000c7520bb8,0x00000000caf80000)
 Metaspace       used 94848K, committed 96128K, reserved 1179648K
  class space    used 10021K, committed 10560K, reserved 1048576K
}
Event: 1705.289 GC heap after
{Heap after GC invocations=1192 (full 30):
 PSYoungGen      total 4096K, used 789K [0x00000000eab00000, 0x00000000eb100000, 0x0000000100000000)
  eden space 3072K, 0% used [0x00000000eab00000,0x00000000eab00000,0x00000000eae00000)
  from space 1024K, 77% used [0x00000000eae80000,0x00000000eaf45400,0x00000000eaf80000)
  to   space 1536K, 0% used [0x00000000eaf80000,0x00000000eaf80000,0x00000000eb100000)
 ParOldGen       total 179712K, used 120789K [0x00000000c0000000, 0x00000000caf80000, 0x00000000eab00000)
  object space 179712K, 67% used [0x00000000c0000000,0x00000000c75f5728,0x00000000caf80000)
 Metaspace       used 94848K, committed 96128K, reserved 1179648K
  class space    used 10021K, committed 10560K, reserved 1048576K
}
Event: 1705.295 GC heap before
{Heap before GC invocations=1193 (full 30):
 PSYoungGen      total 4096K, used 3861K [0x00000000eab00000, 0x00000000eb100000, 0x0000000100000000)
  eden space 3072K, 100% used [0x00000000eab00000,0x00000000eae00000,0x00000000eae00000)
  from space 1024K, 77% used [0x00000000eae80000,0x00000000eaf45400,0x00000000eaf80000)
  to   space 1536K, 0% used [0x00000000eaf80000,0x00000000eaf80000,0x00000000eb100000)
 ParOldGen       total 179712K, used 120789K [0x00000000c0000000, 0x00000000caf80000, 0x00000000eab00000)
  object space 179712K, 67% used [0x00000000c0000000,0x00000000c75f5728,0x00000000caf80000)
 Metaspace       used 94849K, committed 96128K, reserved 1179648K
  class space    used 10021K, committed 10560K, reserved 1048576K
}
Event: 1705.296 GC heap after
{Heap after GC invocations=1193 (full 30):
 PSYoungGen      total 5120K, used 468K [0x00000000eab00000, 0x00000000eb100000, 0x0000000100000000)
  eden space 3584K, 0% used [0x00000000eab00000,0x00000000eab00000,0x00000000eae80000)
  from space 1536K, 30% used [0x00000000eaf80000,0x00000000eaff5000,0x00000000eb100000)
  to   space 1024K, 0% used [0x00000000eae80000,0x00000000eae80000,0x00000000eaf80000)
 ParOldGen       total 179712K, used 121377K [0x00000000c0000000, 0x00000000caf80000, 0x00000000eab00000)
  object space 179712K, 67% used [0x00000000c0000000,0x00000000c7688738,0x00000000caf80000)
 Metaspace       used 94849K, committed 96128K, reserved 1179648K
  class space    used 10021K, committed 10560K, reserved 1048576K
}
Event: 1705.307 GC heap before
{Heap before GC invocations=1194 (full 30):
 PSYoungGen      total 5120K, used 4052K [0x00000000eab00000, 0x00000000eb100000, 0x0000000100000000)
  eden space 3584K, 100% used [0x00000000eab00000,0x00000000eae80000,0x00000000eae80000)
  from space 1536K, 30% used [0x00000000eaf80000,0x00000000eaff5000,0x00000000eb100000)
  to   space 1024K, 0% used [0x00000000eae80000,0x00000000eae80000,0x00000000eaf80000)
 ParOldGen       total 179712K, used 121377K [0x00000000c0000000, 0x00000000caf80000, 0x00000000eab00000)
  object space 179712K, 67% used [0x00000000c0000000,0x00000000c7688738,0x00000000caf80000)
 Metaspace       used 94865K, committed 96192K, reserved 1179648K
  class space    used 10021K, committed 10560K, reserved 1048576K
}
Event: 1705.308 GC heap after
{Heap after GC invocations=1194 (full 30):
 PSYoungGen      total 4608K, used 1002K [0x00000000eab00000, 0x00000000eb180000, 0x0000000100000000)
  eden space 3584K, 0% used [0x00000000eab00000,0x00000000eab00000,0x00000000eae80000)
  from space 1024K, 97% used [0x00000000eae80000,0x00000000eaf7a910,0x00000000eaf80000)
  to   space 1536K, 0% used [0x00000000eb000000,0x00000000eb000000,0x00000000eb180000)
 ParOldGen       total 179712K, used 121725K [0x00000000c0000000, 0x00000000caf80000, 0x00000000eab00000)
  object space 179712K, 67% used [0x00000000c0000000,0x00000000c76df738,0x00000000caf80000)
 Metaspace       used 94865K, committed 96192K, reserved 1179648K
  class space    used 10021K, committed 10560K, reserved 1048576K
}

